<?xml version="1.0" encoding="UTF-8"?>
<testsuite xmlns:xsi="http://www.w3.org/2001/XMLSchema-instance" xsi:noNamespaceSchemaLocation="https://maven.apache.org/surefire/maven-surefire-plugin/xsd/surefire-test-report.xsd" name="com.example.CalculatorTest" time="0.137" tests="3" errors="0" skipped="0" failures="1">
  <properties>
[...]
</properties>
  <testcase name="testAdd" classname="com.example.CalculatorTest" time="0.076"/>
  <testcase name="testSubtract" classname="com.example.CalculatorTest" time="0.026">
    <failure message="expected: &lt;1&gt; but was: &lt;2&gt;" type="org.opentest4j.AssertionFailedError"><![CDATA[org.opentest4j.AssertionFailedError: expected: <1> but was: <2>
	at com.example.CalculatorTest.testSubtract(CalculatorTest.java:17)
]]></failure>
  </testcase>
  <testcase name="testDivide" classname="com.example.CalculatorTest" time="0"/>
</testsuite>